{"/Users/mac/Desktop/iface_web_v2/server/app.js": {"path":"/Users/mac/Desktop/iface_web_v2/server/app.js","statementMap":{"0":{"start":{"line":1,"column":16},"end":{"line":1,"column":34}},"1":{"start":{"line":2,"column":19},"end":{"line":2,"column":49}},"2":{"start":{"line":3,"column":19},"end":{"line":3,"column":49}},"3":{"start":{"line":4,"column":21},"end":{"line":4,"column":58}},"4":{"start":{"line":5,"column":18},"end":{"line":5,"column":47}},"5":{"start":{"line":6,"column":13},"end":{"line":6,"column":28}},"6":{"start":{"line":7,"column":15},"end":{"line":7,"column":32}},"7":{"start":{"line":8,"column":15},"end":{"line":8,"column":43}},"8":{"start":{"line":9,"column":15},"end":{"line":9,"column":32}},"9":{"start":{"line":11,"column":12},"end":{"line":11,"column":21}},"10":{"start":{"line":12,"column":21},"end":{"line":12,"column":61}},"11":{"start":{"line":14,"column":0},"end":{"line":14,"column":16}},"12":{"start":{"line":15,"column":0},"end":{"line":15,"column":24}},"13":{"start":{"line":18,"column":0},"end":{"line":32,"column":2}},"14":{"start":{"line":22,"column":26},"end":{"line":27,"column":9}},"15":{"start":{"line":28,"column":8},"end":{"line":28,"column":47}},"16":{"start":{"line":35,"column":27},"end":{"line":52,"column":2}},"17":{"start":{"line":39,"column":4},"end":{"line":43,"column":5}},"18":{"start":{"line":40,"column":6},"end":{"line":40,"column":18}},"19":{"start":{"line":41,"column":11},"end":{"line":43,"column":5}},"20":{"start":{"line":42,"column":6},"end":{"line":42,"column":17}},"21":{"start":{"line":44,"column":4},"end":{"line":44,"column":15}},"22":{"start":{"line":55,"column":0},"end":{"line":55,"column":28}},"23":{"start":{"line":58,"column":0},"end":{"line":58,"column":34}},"24":{"start":{"line":59,"column":0},"end":{"line":59,"column":33}},"25":{"start":{"line":62,"column":0},"end":{"line":62,"column":18}},"26":{"start":{"line":65,"column":0},"end":{"line":65,"column":22}},"27":{"start":{"line":67,"column":0},"end":{"line":67,"column":21}}},"fnMap":{"0":{"name":"(anonymous_0)","decl":{"start":{"line":21,"column":13},"end":{"line":21,"column":14}},"loc":{"start":{"line":21,"column":26},"end":{"line":29,"column":7}},"line":21},"1":{"name":"(anonymous_1)","decl":{"start":{"line":37,"column":7},"end":{"line":37,"column":8}},"loc":{"start":{"line":37,"column":21},"end":{"line":45,"column":3}},"line":37}},"branchMap":{"0":{"loc":{"start":{"line":39,"column":4},"end":{"line":43,"column":5}},"type":"if","locations":[{"start":{"line":39,"column":4},"end":{"line":43,"column":5}},{"start":{"line":41,"column":11},"end":{"line":43,"column":5}}],"line":39},"1":{"loc":{"start":{"line":41,"column":11},"end":{"line":43,"column":5}},"type":"if","locations":[{"start":{"line":41,"column":11},"end":{"line":43,"column":5}},{"start":{},"end":{}}],"line":41}},"s":{"0":1,"1":1,"2":1,"3":1,"4":1,"5":1,"6":1,"7":1,"8":1,"9":1,"10":1,"11":1,"12":1,"13":1,"14":9,"15":9,"16":1,"17":9,"18":0,"19":9,"20":0,"21":9,"22":1,"23":1,"24":1,"25":1,"26":1,"27":1},"f":{"0":9,"1":9},"b":{"0":[0,9],"1":[0,9]},"_coverageSchema":"1a1c01bbd47fc00a2c39e90264f33305004495a9","hash":"9401b27ef6cce39f90388a70f3cc992573725601"}
,"/Users/mac/Desktop/iface_web_v2/server/controllers/authController.js": {"path":"/Users/mac/Desktop/iface_web_v2/server/controllers/authController.js","statementMap":{"0":{"start":{"line":1,"column":42},"end":{"line":1,"column":77}},"1":{"start":{"line":2,"column":22},"end":{"line":2,"column":55}},"2":{"start":{"line":4,"column":13},"end":{"line":4,"column":43}},"3":{"start":{"line":5,"column":21},"end":{"line":29,"column":1}},"4":{"start":{"line":6,"column":40},"end":{"line":6,"column":48}},"5":{"start":{"line":8,"column":2},"end":{"line":10,"column":3}},"6":{"start":{"line":9,"column":4},"end":{"line":9,"column":91}},"7":{"start":{"line":12,"column":2},"end":{"line":28,"column":3}},"8":{"start":{"line":13,"column":17},"end":{"line":13,"column":43}},"9":{"start":{"line":14,"column":4},"end":{"line":16,"column":5}},"10":{"start":{"line":15,"column":6},"end":{"line":15,"column":70}},"11":{"start":{"line":18,"column":27},"end":{"line":18,"column":55}},"12":{"start":{"line":19,"column":17},"end":{"line":19,"column":71}},"13":{"start":{"line":21,"column":4},"end":{"line":24,"column":7}},"14":{"start":{"line":26,"column":4},"end":{"line":26,"column":52}},"15":{"start":{"line":27,"column":4},"end":{"line":27,"column":93}},"16":{"start":{"line":32,"column":18},"end":{"line":59,"column":1}},"17":{"start":{"line":33,"column":29},"end":{"line":33,"column":37}},"18":{"start":{"line":35,"column":2},"end":{"line":37,"column":3}},"19":{"start":{"line":36,"column":4},"end":{"line":36,"column":83}},"20":{"start":{"line":39,"column":2},"end":{"line":58,"column":3}},"21":{"start":{"line":41,"column":17},"end":{"line":41,"column":43}},"22":{"start":{"line":43,"column":4},"end":{"line":45,"column":5}},"23":{"start":{"line":44,"column":6},"end":{"line":44,"column":65}},"24":{"start":{"line":47,"column":17},"end":{"line":47,"column":24}},"25":{"start":{"line":48,"column":28},"end":{"line":48,"column":74}},"26":{"start":{"line":50,"column":4},"end":{"line":52,"column":5}},"27":{"start":{"line":51,"column":6},"end":{"line":51,"column":70}},"28":{"start":{"line":54,"column":18},"end":{"line":54,"column":40}},"29":{"start":{"line":55,"column":4},"end":{"line":55,"column":36}},"30":{"start":{"line":57,"column":4},"end":{"line":57,"column":58}},"31":{"start":{"line":61,"column":0},"end":{"line":61,"column":45}}},"fnMap":{"0":{"name":"(anonymous_0)","decl":{"start":{"line":5,"column":21},"end":{"line":5,"column":22}},"loc":{"start":{"line":5,"column":41},"end":{"line":29,"column":1}},"line":5},"1":{"name":"(anonymous_1)","decl":{"start":{"line":32,"column":18},"end":{"line":32,"column":19}},"loc":{"start":{"line":32,"column":38},"end":{"line":59,"column":1}},"line":32}},"branchMap":{"0":{"loc":{"start":{"line":8,"column":2},"end":{"line":10,"column":3}},"type":"if","locations":[{"start":{"line":8,"column":2},"end":{"line":10,"column":3}},{"start":{},"end":{}}],"line":8},"1":{"loc":{"start":{"line":8,"column":6},"end":{"line":8,"column":38}},"type":"binary-expr","locations":[{"start":{"line":8,"column":6},"end":{"line":8,"column":15}},{"start":{"line":8,"column":19},"end":{"line":8,"column":28}},{"start":{"line":8,"column":32},"end":{"line":8,"column":38}}],"line":8},"2":{"loc":{"start":{"line":14,"column":4},"end":{"line":16,"column":5}},"type":"if","locations":[{"start":{"line":14,"column":4},"end":{"line":16,"column":5}},{"start":{},"end":{}}],"line":14},"3":{"loc":{"start":{"line":35,"column":2},"end":{"line":37,"column":3}},"type":"if","locations":[{"start":{"line":35,"column":2},"end":{"line":37,"column":3}},{"start":{},"end":{}}],"line":35},"4":{"loc":{"start":{"line":43,"column":4},"end":{"line":45,"column":5}},"type":"if","locations":[{"start":{"line":43,"column":4},"end":{"line":45,"column":5}},{"start":{},"end":{}}],"line":43},"5":{"loc":{"start":{"line":50,"column":4},"end":{"line":52,"column":5}},"type":"if","locations":[{"start":{"line":50,"column":4},"end":{"line":52,"column":5}},{"start":{},"end":{}}],"line":50}},"s":{"0":1,"1":1,"2":1,"3":1,"4":0,"5":0,"6":0,"7":0,"8":0,"9":0,"10":0,"11":0,"12":0,"13":0,"14":0,"15":0,"16":1,"17":2,"18":2,"19":0,"20":2,"21":2,"22":2,"23":0,"24":2,"25":2,"26":2,"27":1,"28":1,"29":1,"30":0,"31":1},"f":{"0":0,"1":2},"b":{"0":[0,0],"1":[0,0,0],"2":[0,0],"3":[0,2],"4":[0,2],"5":[1,1]},"_coverageSchema":"1a1c01bbd47fc00a2c39e90264f33305004495a9","hash":"3295be81175d2be50e70394c16561f5e521b2cea"}
,"/Users/mac/Desktop/iface_web_v2/server/controllers/fileController.js": {"path":"/Users/mac/Desktop/iface_web_v2/server/controllers/fileController.js","statementMap":{"0":{"start":{"line":2,"column":18},"end":{"line":2,"column":48}},"1":{"start":{"line":7,"column":0},"end":{"line":31,"column":2}},"2":{"start":{"line":8,"column":2},"end":{"line":10,"column":3}},"3":{"start":{"line":9,"column":4},"end":{"line":9,"column":86}},"4":{"start":{"line":12,"column":2},"end":{"line":30,"column":3}},"5":{"start":{"line":14,"column":21},"end":{"line":19,"column":5}},"6":{"start":{"line":21,"column":19},"end":{"line":21,"column":53}},"7":{"start":{"line":23,"column":4},"end":{"line":27,"column":7}},"8":{"start":{"line":29,"column":4},"end":{"line":29,"column":49}}},"fnMap":{"0":{"name":"(anonymous_0)","decl":{"start":{"line":7,"column":25},"end":{"line":7,"column":26}},"loc":{"start":{"line":7,"column":45},"end":{"line":31,"column":1}},"line":7}},"branchMap":{"0":{"loc":{"start":{"line":8,"column":2},"end":{"line":10,"column":3}},"type":"if","locations":[{"start":{"line":8,"column":2},"end":{"line":10,"column":3}},{"start":{},"end":{}}],"line":8}},"s":{"0":1,"1":1,"2":0,"3":0,"4":0,"5":0,"6":0,"7":0,"8":0},"f":{"0":0},"b":{"0":[0,0]},"_coverageSchema":"1a1c01bbd47fc00a2c39e90264f33305004495a9","hash":"29bb542662abd8f0ea385306831557a400a4f220"}
,"/Users/mac/Desktop/iface_web_v2/server/controllers/userController.js": {"path":"/Users/mac/Desktop/iface_web_v2/server/controllers/userController.js","statementMap":{"0":{"start":{"line":1,"column":35},"end":{"line":1,"column":63}},"1":{"start":{"line":2,"column":13},"end":{"line":2,"column":43}},"2":{"start":{"line":5,"column":17},"end":{"line":13,"column":1}},"3":{"start":{"line":6,"column":2},"end":{"line":12,"column":3}},"4":{"start":{"line":7,"column":18},"end":{"line":7,"column":38}},"5":{"start":{"line":8,"column":4},"end":{"line":8,"column":20}},"6":{"start":{"line":10,"column":4},"end":{"line":10,"column":48}},"7":{"start":{"line":11,"column":4},"end":{"line":11,"column":62}},"8":{"start":{"line":16,"column":19},"end":{"line":38,"column":1}},"9":{"start":{"line":24,"column":19},"end":{"line":24,"column":40}},"10":{"start":{"line":25,"column":4},"end":{"line":27,"column":5}},"11":{"start":{"line":26,"column":6},"end":{"line":26,"column":62}},"12":{"start":{"line":29,"column":38},"end":{"line":29,"column":46}},"13":{"start":{"line":31,"column":4},"end":{"line":36,"column":5}},"14":{"start":{"line":32,"column":21},"end":{"line":32,"column":65}},"15":{"start":{"line":33,"column":6},"end":{"line":33,"column":65}},"16":{"start":{"line":35,"column":6},"end":{"line":35,"column":63}},"17":{"start":{"line":41,"column":19},"end":{"line":69,"column":1}},"18":{"start":{"line":54,"column":19},"end":{"line":54,"column":40}},"19":{"start":{"line":55,"column":4},"end":{"line":57,"column":5}},"20":{"start":{"line":56,"column":6},"end":{"line":56,"column":62}},"21":{"start":{"line":59,"column":53},"end":{"line":59,"column":61}},"22":{"start":{"line":61,"column":4},"end":{"line":67,"column":5}},"23":{"start":{"line":62,"column":21},"end":{"line":62,"column":80}},"24":{"start":{"line":63,"column":6},"end":{"line":63,"column":97}},"25":{"start":{"line":65,"column":6},"end":{"line":65,"column":49}},"26":{"start":{"line":66,"column":6},"end":{"line":66,"column":63}},"27":{"start":{"line":72,"column":19},"end":{"line":93,"column":1}},"28":{"start":{"line":78,"column":19},"end":{"line":78,"column":40}},"29":{"start":{"line":79,"column":4},"end":{"line":81,"column":5}},"30":{"start":{"line":80,"column":6},"end":{"line":80,"column":62}},"31":{"start":{"line":83,"column":19},"end":{"line":83,"column":27}},"32":{"start":{"line":85,"column":4},"end":{"line":91,"column":5}},"33":{"start":{"line":86,"column":26},"end":{"line":86,"column":51}},"34":{"start":{"line":87,"column":6},"end":{"line":87,"column":109}},"35":{"start":{"line":89,"column":6},"end":{"line":89,"column":46}},"36":{"start":{"line":90,"column":6},"end":{"line":90,"column":63}},"37":{"start":{"line":95,"column":0},"end":{"line":95,"column":66}}},"fnMap":{"0":{"name":"(anonymous_0)","decl":{"start":{"line":5,"column":17},"end":{"line":5,"column":18}},"loc":{"start":{"line":5,"column":37},"end":{"line":13,"column":1}},"line":5},"1":{"name":"(anonymous_1)","decl":{"start":{"line":23,"column":2},"end":{"line":23,"column":3}},"loc":{"start":{"line":23,"column":22},"end":{"line":37,"column":3}},"line":23},"2":{"name":"(anonymous_2)","decl":{"start":{"line":53,"column":2},"end":{"line":53,"column":3}},"loc":{"start":{"line":53,"column":22},"end":{"line":68,"column":3}},"line":53},"3":{"name":"(anonymous_3)","decl":{"start":{"line":77,"column":2},"end":{"line":77,"column":3}},"loc":{"start":{"line":77,"column":22},"end":{"line":92,"column":3}},"line":77}},"branchMap":{"0":{"loc":{"start":{"line":25,"column":4},"end":{"line":27,"column":5}},"type":"if","locations":[{"start":{"line":25,"column":4},"end":{"line":27,"column":5}},{"start":{},"end":{}}],"line":25},"1":{"loc":{"start":{"line":55,"column":4},"end":{"line":57,"column":5}},"type":"if","locations":[{"start":{"line":55,"column":4},"end":{"line":57,"column":5}},{"start":{},"end":{}}],"line":55},"2":{"loc":{"start":{"line":79,"column":4},"end":{"line":81,"column":5}},"type":"if","locations":[{"start":{"line":79,"column":4},"end":{"line":81,"column":5}},{"start":{},"end":{}}],"line":79}},"s":{"0":1,"1":1,"2":1,"3":0,"4":0,"5":0,"6":0,"7":0,"8":1,"9":0,"10":0,"11":0,"12":0,"13":0,"14":0,"15":0,"16":0,"17":1,"18":7,"19":7,"20":6,"21":1,"22":1,"23":1,"24":1,"25":0,"26":0,"27":1,"28":0,"29":0,"30":0,"31":0,"32":0,"33":0,"34":0,"35":0,"36":0,"37":1},"f":{"0":0,"1":0,"2":7,"3":0},"b":{"0":[0,0],"1":[6,1],"2":[0,0]},"_coverageSchema":"1a1c01bbd47fc00a2c39e90264f33305004495a9","hash":"9096f32fb3ff0b0abdf28f5a6634a135b7b97ddb"}
,"/Users/mac/Desktop/iface_web_v2/server/middlewares/authMiddleware.js": {"path":"/Users/mac/Desktop/iface_web_v2/server/middlewares/authMiddleware.js","statementMap":{"0":{"start":{"line":1,"column":12},"end":{"line":1,"column":35}},"1":{"start":{"line":3,"column":20},"end":{"line":16,"column":1}},"2":{"start":{"line":4,"column":2},"end":{"line":15,"column":3}},"3":{"start":{"line":5,"column":18},"end":{"line":5,"column":61}},"4":{"start":{"line":6,"column":4},"end":{"line":8,"column":5}},"5":{"start":{"line":7,"column":6},"end":{"line":7,"column":68}},"6":{"start":{"line":10,"column":20},"end":{"line":10,"column":58}},"7":{"start":{"line":11,"column":4},"end":{"line":11,"column":28}},"8":{"start":{"line":12,"column":4},"end":{"line":12,"column":11}},"9":{"start":{"line":14,"column":4},"end":{"line":14,"column":62}},"10":{"start":{"line":18,"column":0},"end":{"line":18,"column":29}}},"fnMap":{"0":{"name":"(anonymous_0)","decl":{"start":{"line":3,"column":20},"end":{"line":3,"column":21}},"loc":{"start":{"line":3,"column":40},"end":{"line":16,"column":1}},"line":3}},"branchMap":{"0":{"loc":{"start":{"line":6,"column":4},"end":{"line":8,"column":5}},"type":"if","locations":[{"start":{"line":6,"column":4},"end":{"line":8,"column":5}},{"start":{},"end":{}}],"line":6}},"s":{"0":1,"1":1,"2":0,"3":0,"4":0,"5":0,"6":0,"7":0,"8":0,"9":0,"10":1},"f":{"0":0},"b":{"0":[0,0]},"_coverageSchema":"1a1c01bbd47fc00a2c39e90264f33305004495a9","hash":"9739bb71a2c6d3975df9a6b48891f24c42eb46c8"}
,"/Users/mac/Desktop/iface_web_v2/server/middlewares/errorHandler.js": {"path":"/Users/mac/Desktop/iface_web_v2/server/middlewares/errorHandler.js","statementMap":{"0":{"start":{"line":1,"column":18},"end":{"line":1,"column":47}},"1":{"start":{"line":2,"column":21},"end":{"line":42,"column":1}},"2":{"start":{"line":3,"column":2},"end":{"line":3,"column":27}},"3":{"start":{"line":4,"column":21},"end":{"line":4,"column":58}},"4":{"start":{"line":5,"column":2},"end":{"line":41,"column":3}},"5":{"start":{"line":7,"column":6},"end":{"line":11,"column":9}},"6":{"start":{"line":14,"column":4},"end":{"line":18,"column":9}},"7":{"start":{"line":20,"column":4},"end":{"line":24,"column":9}},"8":{"start":{"line":26,"column":4},"end":{"line":30,"column":9}},"9":{"start":{"line":32,"column":8},"end":{"line":36,"column":13}},"10":{"start":{"line":39,"column":8},"end":{"line":39,"column":39}},"11":{"start":{"line":40,"column":6},"end":{"line":40,"column":12}},"12":{"start":{"line":44,"column":0},"end":{"line":44,"column":31}}},"fnMap":{"0":{"name":"(anonymous_0)","decl":{"start":{"line":2,"column":21},"end":{"line":2,"column":22}},"loc":{"start":{"line":2,"column":46},"end":{"line":42,"column":1}},"line":2}},"branchMap":{"0":{"loc":{"start":{"line":4,"column":21},"end":{"line":4,"column":58}},"type":"cond-expr","locations":[{"start":{"line":4,"column":38},"end":{"line":4,"column":52}},{"start":{"line":4,"column":55},"end":{"line":4,"column":58}}],"line":4},"1":{"loc":{"start":{"line":5,"column":2},"end":{"line":41,"column":3}},"type":"switch","locations":[{"start":{"line":6,"column":4},"end":{"line":11,"column":9}},{"start":{"line":13,"column":1},"end":{"line":18,"column":9}},{"start":{"line":19,"column":6},"end":{"line":24,"column":9}},{"start":{"line":25,"column":6},"end":{"line":30,"column":9}},{"start":{"line":31,"column":6},"end":{"line":36,"column":13}},{"start":{"line":38,"column":4},"end":{"line":40,"column":12}}],"line":5}},"s":{"0":1,"1":1,"2":0,"3":0,"4":0,"5":0,"6":0,"7":0,"8":0,"9":0,"10":0,"11":0,"12":1},"f":{"0":0},"b":{"0":[0,0],"1":[0,0,0,0,0,0]},"_coverageSchema":"1a1c01bbd47fc00a2c39e90264f33305004495a9","hash":"f4ea02cb3085e00724388373ffe190358ced3ef9"}
,"/Users/mac/Desktop/iface_web_v2/server/middlewares/fileuploadMiddleware.js": {"path":"/Users/mac/Desktop/iface_web_v2/server/middlewares/fileuploadMiddleware.js","statementMap":{"0":{"start":{"line":1,"column":15},"end":{"line":1,"column":32}},"1":{"start":{"line":2,"column":13},"end":{"line":2,"column":28}},"2":{"start":{"line":6,"column":16},"end":{"line":14,"column":2}},"3":{"start":{"line":8,"column":4},"end":{"line":8,"column":25}},"4":{"start":{"line":11,"column":25},"end":{"line":11,"column":75}},"5":{"start":{"line":12,"column":4},"end":{"line":12,"column":84}},"6":{"start":{"line":17,"column":15},"end":{"line":27,"column":2}},"7":{"start":{"line":20,"column":25},"end":{"line":20,"column":65}},"8":{"start":{"line":21,"column":4},"end":{"line":23,"column":5}},"9":{"start":{"line":22,"column":6},"end":{"line":22,"column":78}},"10":{"start":{"line":24,"column":4},"end":{"line":24,"column":19}},"11":{"start":{"line":30,"column":0},"end":{"line":30,"column":44}}},"fnMap":{"0":{"name":"(anonymous_0)","decl":{"start":{"line":7,"column":15},"end":{"line":7,"column":16}},"loc":{"start":{"line":7,"column":34},"end":{"line":9,"column":3}},"line":7},"1":{"name":"(anonymous_1)","decl":{"start":{"line":10,"column":12},"end":{"line":10,"column":13}},"loc":{"start":{"line":10,"column":31},"end":{"line":13,"column":3}},"line":10},"2":{"name":"(anonymous_2)","decl":{"start":{"line":19,"column":14},"end":{"line":19,"column":15}},"loc":{"start":{"line":19,"column":33},"end":{"line":25,"column":3}},"line":19}},"branchMap":{"0":{"loc":{"start":{"line":21,"column":4},"end":{"line":23,"column":5}},"type":"if","locations":[{"start":{"line":21,"column":4},"end":{"line":23,"column":5}},{"start":{},"end":{}}],"line":21}},"s":{"0":1,"1":1,"2":1,"3":0,"4":0,"5":0,"6":1,"7":0,"8":0,"9":0,"10":0,"11":1},"f":{"0":0,"1":0,"2":0},"b":{"0":[0,0]},"_coverageSchema":"1a1c01bbd47fc00a2c39e90264f33305004495a9","hash":"af5b06c3abcecf2ca9e27cc0652b3d1ce8ed03bc"}
,"/Users/mac/Desktop/iface_web_v2/server/models/fileModel.js": {"path":"/Users/mac/Desktop/iface_web_v2/server/models/fileModel.js","statementMap":{"0":{"start":{"line":1,"column":26},"end":{"line":1,"column":49}},"1":{"start":{"line":4,"column":0},"end":{"line":13,"column":2}},"2":{"start":{"line":5,"column":13},"end":{"line":5,"column":38}},"3":{"start":{"line":6,"column":57},"end":{"line":6,"column":65}},"4":{"start":{"line":7,"column":14},"end":{"line":10,"column":3}},"5":{"start":{"line":11,"column":19},"end":{"line":11,"column":86}},"6":{"start":{"line":12,"column":2},"end":{"line":12,"column":25}}},"fnMap":{"0":{"name":"(anonymous_0)","decl":{"start":{"line":4,"column":19},"end":{"line":4,"column":20}},"loc":{"start":{"line":4,"column":39},"end":{"line":13,"column":1}},"line":4}},"branchMap":{},"s":{"0":1,"1":1,"2":0,"3":0,"4":0,"5":0,"6":0},"f":{"0":0},"b":{},"_coverageSchema":"1a1c01bbd47fc00a2c39e90264f33305004495a9","hash":"b85599e6cca5da5192801788627b91897c4e1567"}
,"/Users/mac/Desktop/iface_web_v2/server/models/userModel.js": {"path":"/Users/mac/Desktop/iface_web_v2/server/models/userModel.js","statementMap":{"0":{"start":{"line":1,"column":26},"end":{"line":1,"column":49}},"1":{"start":{"line":5,"column":17},"end":{"line":10,"column":1}},"2":{"start":{"line":6,"column":15},"end":{"line":6,"column":40}},"3":{"start":{"line":7,"column":17},"end":{"line":7,"column":75}},"4":{"start":{"line":9,"column":2},"end":{"line":9,"column":14}},"5":{"start":{"line":11,"column":16},"end":{"line":16,"column":1}},"6":{"start":{"line":12,"column":13},"end":{"line":12,"column":38}},"7":{"start":{"line":13,"column":15},"end":{"line":13,"column":51}},"8":{"start":{"line":15,"column":0},"end":{"line":15,"column":12}},"9":{"start":{"line":19,"column":19},"end":{"line":23,"column":1}},"10":{"start":{"line":20,"column":15},"end":{"line":20,"column":40}},"11":{"start":{"line":21,"column":19},"end":{"line":21,"column":133}},"12":{"start":{"line":22,"column":2},"end":{"line":22,"column":16}},"13":{"start":{"line":25,"column":17},"end":{"line":42,"column":1}},"14":{"start":{"line":26,"column":11},"end":{"line":26,"column":36}},"15":{"start":{"line":27,"column":16},"end":{"line":31,"column":6}},"16":{"start":{"line":33,"column":21},"end":{"line":40,"column":6}},"17":{"start":{"line":41,"column":4},"end":{"line":41,"column":18}},"18":{"start":{"line":43,"column":17},"end":{"line":47,"column":1}},"19":{"start":{"line":44,"column":11},"end":{"line":44,"column":36}},"20":{"start":{"line":45,"column":24},"end":{"line":45,"column":80}},"21":{"start":{"line":46,"column":2},"end":{"line":46,"column":23}},"22":{"start":{"line":48,"column":0},"end":{"line":48,"column":72}}},"fnMap":{"0":{"name":"(anonymous_0)","decl":{"start":{"line":5,"column":17},"end":{"line":5,"column":18}},"loc":{"start":{"line":5,"column":34},"end":{"line":10,"column":1}},"line":5},"1":{"name":"(anonymous_1)","decl":{"start":{"line":11,"column":16},"end":{"line":11,"column":17}},"loc":{"start":{"line":11,"column":28},"end":{"line":16,"column":1}},"line":11},"2":{"name":"(anonymous_2)","decl":{"start":{"line":19,"column":19},"end":{"line":19,"column":20}},"loc":{"start":{"line":19,"column":62},"end":{"line":23,"column":1}},"line":19},"3":{"name":"(anonymous_3)","decl":{"start":{"line":25,"column":17},"end":{"line":25,"column":18}},"loc":{"start":{"line":25,"column":57},"end":{"line":42,"column":1}},"line":25},"4":{"name":"(anonymous_4)","decl":{"start":{"line":43,"column":17},"end":{"line":43,"column":18}},"loc":{"start":{"line":43,"column":28},"end":{"line":47,"column":1}},"line":43}},"branchMap":{},"s":{"0":1,"1":1,"2":2,"3":2,"4":2,"5":1,"6":0,"7":0,"8":0,"9":1,"10":0,"11":0,"12":0,"13":1,"14":1,"15":1,"16":1,"17":1,"18":1,"19":0,"20":0,"21":0,"22":1},"f":{"0":2,"1":0,"2":0,"3":1,"4":0},"b":{},"_coverageSchema":"1a1c01bbd47fc00a2c39e90264f33305004495a9","hash":"fdf0bb404510635c76d3c1d964844ec25965b898"}
,"/Users/mac/Desktop/iface_web_v2/server/routes/dataRoutes.js": {"path":"/Users/mac/Desktop/iface_web_v2/server/routes/dataRoutes.js","statementMap":{"0":{"start":{"line":1,"column":16},"end":{"line":1,"column":34}},"1":{"start":{"line":2,"column":13},"end":{"line":2,"column":53}},"2":{"start":{"line":3,"column":20},"end":{"line":3,"column":60}},"3":{"start":{"line":5,"column":15},"end":{"line":5,"column":31}},"4":{"start":{"line":7,"column":0},"end":{"line":7,"column":48}},"5":{"start":{"line":9,"column":0},"end":{"line":9,"column":24}}},"fnMap":{},"branchMap":{},"s":{"0":1,"1":1,"2":1,"3":1,"4":1,"5":1},"f":{},"b":{},"_coverageSchema":"1a1c01bbd47fc00a2c39e90264f33305004495a9","hash":"ad4412e0262484f32a6cb0e9d0cc604b7bf32b12"}
,"/Users/mac/Desktop/iface_web_v2/server/routes/userRoutes.js": {"path":"/Users/mac/Desktop/iface_web_v2/server/routes/userRoutes.js","statementMap":{"0":{"start":{"line":1,"column":16},"end":{"line":1,"column":34}},"1":{"start":{"line":2,"column":15},"end":{"line":2,"column":31}},"2":{"start":{"line":3,"column":23},"end":{"line":3,"column":63}},"3":{"start":{"line":4,"column":21},"end":{"line":4,"column":61}},"4":{"start":{"line":5,"column":23},"end":{"line":5,"column":63}},"5":{"start":{"line":6,"column":21},"end":{"line":6,"column":67}},"6":{"start":{"line":7,"column":16},"end":{"line":7,"column":48}},"7":{"start":{"line":10,"column":0},"end":{"line":10,"column":48}},"8":{"start":{"line":11,"column":0},"end":{"line":11,"column":53}},"9":{"start":{"line":12,"column":0},"end":{"line":12,"column":48}},"10":{"start":{"line":13,"column":0},"end":{"line":13,"column":51}},"11":{"start":{"line":14,"column":0},"end":{"line":14,"column":90}},"12":{"start":{"line":16,"column":0},"end":{"line":16,"column":24}}},"fnMap":{},"branchMap":{},"s":{"0":1,"1":1,"2":1,"3":1,"4":1,"5":1,"6":1,"7":1,"8":1,"9":1,"10":1,"11":1,"12":1},"f":{},"b":{},"_coverageSchema":"1a1c01bbd47fc00a2c39e90264f33305004495a9","hash":"72e7f1177594fb032ad59fc395787b763a61f35e"}
,"/Users/mac/Desktop/iface_web_v2/server/services/authServices.js": {"path":"/Users/mac/Desktop/iface_web_v2/server/services/authServices.js","statementMap":{"0":{"start":{"line":1,"column":15},"end":{"line":1,"column":32}},"1":{"start":{"line":3,"column":21},"end":{"line":6,"column":1}},"2":{"start":{"line":4,"column":15},"end":{"line":4,"column":39}},"3":{"start":{"line":5,"column":2},"end":{"line":5,"column":37}},"4":{"start":{"line":8,"column":24},"end":{"line":10,"column":1}},"5":{"start":{"line":9,"column":2},"end":{"line":9,"column":50}},"6":{"start":{"line":12,"column":0},"end":{"line":12,"column":51}}},"fnMap":{"0":{"name":"(anonymous_0)","decl":{"start":{"line":3,"column":21},"end":{"line":3,"column":22}},"loc":{"start":{"line":3,"column":41},"end":{"line":6,"column":1}},"line":3},"1":{"name":"(anonymous_1)","decl":{"start":{"line":8,"column":24},"end":{"line":8,"column":25}},"loc":{"start":{"line":8,"column":60},"end":{"line":10,"column":1}},"line":8}},"branchMap":{},"s":{"0":1,"1":1,"2":0,"3":0,"4":1,"5":2,"6":1},"f":{"0":0,"1":2},"b":{},"_coverageSchema":"1a1c01bbd47fc00a2c39e90264f33305004495a9","hash":"47fc7dc3ca1bb39d9cfc5b6ecdd394330aa9f63a"}
,"/Users/mac/Desktop/iface_web_v2/server/services/logger.js": {"path":"/Users/mac/Desktop/iface_web_v2/server/services/logger.js","statementMap":{"0":{"start":{"line":1,"column":45},"end":{"line":1,"column":63}},"1":{"start":{"line":2,"column":49},"end":{"line":2,"column":55}},"2":{"start":{"line":5,"column":18},"end":{"line":7,"column":2}},"3":{"start":{"line":6,"column":2},"end":{"line":6,"column":47}},"4":{"start":{"line":9,"column":15},"end":{"line":21,"column":2}},"5":{"start":{"line":23,"column":0},"end":{"line":23,"column":24}}},"fnMap":{"0":{"name":"(anonymous_0)","decl":{"start":{"line":5,"column":25},"end":{"line":5,"column":26}},"loc":{"start":{"line":5,"column":60},"end":{"line":7,"column":1}},"line":5}},"branchMap":{},"s":{"0":1,"1":1,"2":1,"3":9,"4":1,"5":1},"f":{"0":9},"b":{},"_coverageSchema":"1a1c01bbd47fc00a2c39e90264f33305004495a9","hash":"3e77f16689c1a2a17b9d8dbc52a2455e6b78ae01"}
,"/Users/mac/Desktop/iface_web_v2/server/utils/constants.js": {"path":"/Users/mac/Desktop/iface_web_v2/server/utils/constants.js","statementMap":{"0":{"start":{"line":1,"column":0},"end":{"line":7,"column":1}}},"fnMap":{},"branchMap":{},"s":{"0":1},"f":{},"b":{},"_coverageSchema":"1a1c01bbd47fc00a2c39e90264f33305004495a9","hash":"cffd65196e41ada751cb7c5ef1070e980b8d62f3"}
,"/Users/mac/Desktop/iface_web_v2/server/utils/generateToken.js": {"path":"/Users/mac/Desktop/iface_web_v2/server/utils/generateToken.js","statementMap":{"0":{"start":{"line":1,"column":12},"end":{"line":1,"column":35}},"1":{"start":{"line":3,"column":22},"end":{"line":5,"column":1}},"2":{"start":{"line":4,"column":2},"end":{"line":4,"column":68}},"3":{"start":{"line":7,"column":0},"end":{"line":7,"column":31}}},"fnMap":{"0":{"name":"(anonymous_0)","decl":{"start":{"line":3,"column":22},"end":{"line":3,"column":23}},"loc":{"start":{"line":3,"column":30},"end":{"line":5,"column":1}},"line":3}},"branchMap":{},"s":{"0":1,"1":1,"2":1,"3":1},"f":{"0":1},"b":{},"_coverageSchema":"1a1c01bbd47fc00a2c39e90264f33305004495a9","hash":"2daf9d242ccd06c8fc7608dd21f54101732e2bfc"}
,"/Users/mac/Desktop/iface_web_v2/server/utils/validateFile.js": {"path":"/Users/mac/Desktop/iface_web_v2/server/utils/validateFile.js","statementMap":{"0":{"start":{"line":1,"column":19},"end":{"line":10,"column":1}},"1":{"start":{"line":3,"column":4},"end":{"line":5,"column":5}},"2":{"start":{"line":4,"column":8},"end":{"line":4,"column":66}},"3":{"start":{"line":6,"column":4},"end":{"line":8,"column":5}},"4":{"start":{"line":7,"column":8},"end":{"line":7,"column":70}},"5":{"start":{"line":9,"column":4},"end":{"line":9,"column":11}},"6":{"start":{"line":11,"column":0},"end":{"line":11,"column":28}}},"fnMap":{"0":{"name":"(anonymous_0)","decl":{"start":{"line":1,"column":19},"end":{"line":1,"column":20}},"loc":{"start":{"line":1,"column":35},"end":{"line":10,"column":1}},"line":1}},"branchMap":{"0":{"loc":{"start":{"line":3,"column":4},"end":{"line":5,"column":5}},"type":"if","locations":[{"start":{"line":3,"column":4},"end":{"line":5,"column":5}},{"start":{},"end":{}}],"line":3},"1":{"loc":{"start":{"line":6,"column":4},"end":{"line":8,"column":5}},"type":"if","locations":[{"start":{"line":6,"column":4},"end":{"line":8,"column":5}},{"start":{},"end":{}}],"line":6}},"s":{"0":1,"1":0,"2":0,"3":0,"4":0,"5":0,"6":1},"f":{"0":0},"b":{"0":[0,0],"1":[0,0]},"_coverageSchema":"1a1c01bbd47fc00a2c39e90264f33305004495a9","hash":"835607caa6f64b591d24d276b45bf8500592dc6d"}
}
